**********************
nStart der Windows PowerShell-Aufzeichnung
Startzeit: 20210420015109
Benutzername: GNC-W10-W01\gabbe
RunAs-Benutzer: GNC-W10-W01\gabbe
Konfigurationsname: 
Computer: GNC-W10-W01 (Microsoft Windows NT 10.0.19042.0)
Hostanwendung: C:\Windows\system32\WindowsPowerShell\v1.0\PowerShell_ISE.exe
Prozess-ID: 4040
PSVersion: 5.1.19041.906
PSEdition: Desktop
PSCompatibleVersions: 1.0, 2.0, 3.0, 4.0, 5.0, 5.1.19041.906
BuildVersion: 10.0.19041.906
CLRVersion: 4.0.30319.42000
WSManStackVersion: 3.0
PSRemotingProtocolVersion: 2.3
SerializationVersion: 1.1.0.1
**********************
Die Aufzeichnung wurde gestartet. Die Ausgabedatei ist "C:\Users\gabbe\Documents\GitHub\GNC-Powershell\Scripte\LOG\CTN-Treesize_20.04.2021_01_51.log".

Starte 20.04.2021_01:51 - Script CTN-Treesize 3.0.1
====================================================================
=                                                                  =
=                         CTN-Treesize 3.0.1                       =
=                    Copyrights by Rainer Gärtner                  =
=                           (c) 2021 DLCIT                         =
=                                                                  =
====================================================================

Auf welchem Profile-Server soll der Vorgang durchgeführt werden?:

1:  \\Na0-FS-01\tsprofiles$
2:  \\ah0-fs-02\tsprofiles$

Bitte den Profile Server auswah (default: \\ah0-fs-02\tsprofiles$):

Server wurde auf \\localhost\c$\Temp gesetzt!

#############################################################################################

\\localhost\c$\Temp\log


0,45  MB im Profil
 in
259
 Dateien!
\\localhost\c$\Temp\Austrittsliste September 2020 - DLC IT.csv


0,04  MB im Profil
 in
1
 Dateien!
\\localhost\c$\Temp\Austrittsliste September 2020 - DLC IT.xlsx


0,09  MB im Profil
 in
1
 Dateien!
\\localhost\c$\Temp\ein.txt


0  MB im Profil
 in
1
 Dateien!
PS>TerminatingError(Out-File): "Der Prozess kann nicht auf die Datei "C:\Users\gabbe\Documents\GitHub\GNC-Powershell\Scripte\LOG\CTN-Treesize_20.04.2021_01_51.log" zugreifen, da sie von einem anderen Prozess verwendet wird."
out-file : Der Prozess kann nicht auf die Datei 
"C:\Users\gabbe\Documents\GitHub\GNC-Powershell\Scripte\LOG\CTN-Treesize_20.04.2021_01_51.log" zugreifen, da sie von 
einem anderen Prozess verwendet wird.
In C:\Users\gabbe\Documents\GitHub\GNC-Powershell\Scripte\GNC-Treesize.ps1:138 Zeichen:1
+ out-file -FilePath $LogFile -InputObject $path -NoNewline
+ ~~~~~~~~~~~~~~~~~~~~~~~~~~~~~~~~~~~~~~~~~~~~~~~~~~~~~~~~~
    + CategoryInfo          : OpenError: (:) [Out-File], IOException
    + FullyQualifiedErrorId : FileOpenFailure,Microsoft.PowerShell.Commands.OutFileCommand
out-file : Der Prozess kann nicht auf die Datei "C:\Users\gabbe\Documents\GitHub\GNC-Powershell\Scripte\LOG\CTN-Treesize_20.04.2021_01_51.log" zugreifen, da sie von
einem anderen Prozess verwendet wird.
In C:\Users\gabbe\Documents\GitHub\GNC-Powershell\Scripte\GNC-Treesize.ps1:138 Zeichen:1
+ out-file -FilePath $LogFile -InputObject $path -NoNewline
+ ~~~~~~~~~~~~~~~~~~~~~~~~~~~~~~~~~~~~~~~~~~~~~~~~~~~~~~~~~
    + CategoryInfo          : OpenError: (:) [Out-File], IOException
    + FullyQualifiedErrorId : FileOpenFailure,Microsoft.PowerShell.Commands.OutFileCommand

>> TerminatingError(Out-File): "Der Prozess kann nicht auf die Datei "C:\Users\gabbe\Documents\GitHub\GNC-Powershell\Scripte\LOG\CTN-Treesize_20.04.2021_01_51.log" zugreifen, da sie von einem anderen Prozess verwendet wird."
out-file : Der Prozess kann nicht auf die Datei 
"C:\Users\gabbe\Documents\GitHub\GNC-Powershell\Scripte\LOG\CTN-Treesize_20.04.2021_01_51.log" zugreifen, da sie von 
einem anderen Prozess verwendet wird.
In C:\Users\gabbe\Documents\GitHub\GNC-Powershell\Scripte\GNC-Treesize.ps1:139 Zeichen:1
+ out-file -FilePath $LogFile -InputObject " - " -NoNewline
+ ~~~~~~~~~~~~~~~~~~~~~~~~~~~~~~~~~~~~~~~~~~~~~~~~~~~~~~~~~
    + CategoryInfo          : OpenError: (:) [Out-File], IOException
    + FullyQualifiedErrorId : FileOpenFailure,Microsoft.PowerShell.Commands.OutFileCommand
out-file : Der Prozess kann nicht auf die Datei "C:\Users\gabbe\Documents\GitHub\GNC-Powershell\Scripte\LOG\CTN-Treesize_20.04.2021_01_51.log" zugreifen, da sie von
einem anderen Prozess verwendet wird.
In C:\Users\gabbe\Documents\GitHub\GNC-Powershell\Scripte\GNC-Treesize.ps1:139 Zeichen:1
+ out-file -FilePath $LogFile -InputObject " - " -NoNewline
+ ~~~~~~~~~~~~~~~~~~~~~~~~~~~~~~~~~~~~~~~~~~~~~~~~~~~~~~~~~
    + CategoryInfo          : OpenError: (:) [Out-File], IOException
    + FullyQualifiedErrorId : FileOpenFailure,Microsoft.PowerShell.Commands.OutFileCommand

Die Variable "$ProfileCheckUser" kann nicht abgerufen werden, weil sie nicht festgelegt wurde.
In C:\Users\gabbe\Documents\GitHub\GNC-Powershell\Scripte\GNC-Treesize.ps1:140 Zeichen:42
+ out-file -FilePath $LogFile -InputObject $ProfileCheckUser.Length -Ap ...
+                                          ~~~~~~~~~~~~~~~~~
    + CategoryInfo          : InvalidOperation: (ProfileCheckUser:String) [], RuntimeException
    + FullyQualifiedErrorId : VariableIsUndefined
Die Variable "$ProfileCheckUser" kann nicht abgerufen werden, weil sie nicht festgelegt wurde.
In C:\Users\gabbe\Documents\GitHub\GNC-Powershell\Scripte\GNC-Treesize.ps1:140 Zeichen:42
+ out-file -FilePath $LogFile -InputObject $ProfileCheckUser.Length -Ap ...
+                                          ~~~~~~~~~~~~~~~~~
    + CategoryInfo          : InvalidOperation: (ProfileCheckUser:String) [], RuntimeException
    + FullyQualifiedErrorId : VariableIsUndefined

>> TerminatingError(Out-File): "Der Prozess kann nicht auf die Datei "C:\Users\gabbe\Documents\GitHub\GNC-Powershell\Scripte\LOG\CTN-Treesize_20.04.2021_01_51.log" zugreifen, da sie von einem anderen Prozess verwendet wird."
out-file : Der Prozess kann nicht auf die Datei 
"C:\Users\gabbe\Documents\GitHub\GNC-Powershell\Scripte\LOG\CTN-Treesize_20.04.2021_01_51.log" zugreifen, da sie von 
einem anderen Prozess verwendet wird.
In C:\Users\gabbe\Documents\GitHub\GNC-Powershell\Scripte\GNC-Treesize.ps1:141 Zeichen:1
+ out-file -FilePath $LogFile -InputObject " - " -NoNewline
+ ~~~~~~~~~~~~~~~~~~~~~~~~~~~~~~~~~~~~~~~~~~~~~~~~~~~~~~~~~
    + CategoryInfo          : OpenError: (:) [Out-File], IOException
    + FullyQualifiedErrorId : FileOpenFailure,Microsoft.PowerShell.Commands.OutFileCommand
out-file : Der Prozess kann nicht auf die Datei "C:\Users\gabbe\Documents\GitHub\GNC-Powershell\Scripte\LOG\CTN-Treesize_20.04.2021_01_51.log" zugreifen, da sie von
einem anderen Prozess verwendet wird.
In C:\Users\gabbe\Documents\GitHub\GNC-Powershell\Scripte\GNC-Treesize.ps1:141 Zeichen:1
+ out-file -FilePath $LogFile -InputObject " - " -NoNewline
+ ~~~~~~~~~~~~~~~~~~~~~~~~~~~~~~~~~~~~~~~~~~~~~~~~~~~~~~~~~
    + CategoryInfo          : OpenError: (:) [Out-File], IOException
    + FullyQualifiedErrorId : FileOpenFailure,Microsoft.PowerShell.Commands.OutFileCommand


Beende CTN-Treesize Dienstag, 20. April 2021 01:51:44
**********************
Ende der Windows PowerShell-Aufzeichnung
Endzeit: 20210420015144
**********************
**********************
nStart der Windows PowerShell-Aufzeichnung
Startzeit: 20210420015156
Benutzername: GNC-W10-W01\gabbe
RunAs-Benutzer: GNC-W10-W01\gabbe
Konfigurationsname: 
Computer: GNC-W10-W01 (Microsoft Windows NT 10.0.19042.0)
Hostanwendung: C:\Windows\system32\WindowsPowerShell\v1.0\PowerShell_ISE.exe
Prozess-ID: 4040
PSVersion: 5.1.19041.906
PSEdition: Desktop
PSCompatibleVersions: 1.0, 2.0, 3.0, 4.0, 5.0, 5.1.19041.906
BuildVersion: 10.0.19041.906
CLRVersion: 4.0.30319.42000
WSManStackVersion: 3.0
PSRemotingProtocolVersion: 2.3
SerializationVersion: 1.1.0.1
**********************
Die Aufzeichnung wurde gestartet. Die Ausgabedatei ist "C:\Users\gabbe\Documents\GitHub\GNC-Powershell\Scripte\LOG\CTN-Treesize_20.04.2021_01_51.log".

Starte 20.04.2021_01:51 - Script CTN-Treesize 3.0.1
====================================================================
=                                                                  =
=                         CTN-Treesize 3.0.1                       =
=                    Copyrights by Rainer Gärtner                  =
=                           (c) 2021 DLCIT                         =
=                                                                  =
====================================================================

Auf welchem Profile-Server soll der Vorgang durchgeführt werden?:

1:  \\Na0-FS-01\tsprofiles$
2:  \\ah0-fs-02\tsprofiles$

Bitte den Profile Server auswah (default: \\ah0-fs-02\tsprofiles$):

Server wurde auf \\localhost\c$\Temp gesetzt!

#############################################################################################

\\localhost\c$\Temp\log


0,45  MB im Profil
 in
259
 Dateien!
\\localhost\c$\Temp\Austrittsliste September 2020 - DLC IT.csv


0,04  MB im Profil
 in
1
 Dateien!
\\localhost\c$\Temp\Austrittsliste September 2020 - DLC IT.xlsx


0,09  MB im Profil
 in
1
 Dateien!
\\localhost\c$\Temp\ein.txt


0  MB im Profil
 in
1
 Dateien!

Beende CTN-Treesize Dienstag, 20. April 2021 01:51:58
**********************
Ende der Windows PowerShell-Aufzeichnung
Endzeit: 20210420015158
**********************
