**********************
nStart der Windows PowerShell-Aufzeichnung
Startzeit: 20210420021035
Benutzername: GNC-W10-W01\gabbe
RunAs-Benutzer: GNC-W10-W01\gabbe
Konfigurationsname: 
Computer: GNC-W10-W01 (Microsoft Windows NT 10.0.19042.0)
Hostanwendung: C:\Windows\system32\WindowsPowerShell\v1.0\PowerShell_ISE.exe
Prozess-ID: 19744
PSVersion: 5.1.19041.906
PSEdition: Desktop
PSCompatibleVersions: 1.0, 2.0, 3.0, 4.0, 5.0, 5.1.19041.906
BuildVersion: 10.0.19041.906
CLRVersion: 4.0.30319.42000
WSManStackVersion: 3.0
PSRemotingProtocolVersion: 2.3
SerializationVersion: 1.1.0.1
**********************
Die Aufzeichnung wurde gestartet. Die Ausgabedatei ist "C:\Users\gabbe\Documents\GitHub\GNC-Powershell\Scripte\LOG\CTN-Treesize_20.04.2021_02_10.log".

Starte 20.04.2021_02:10 - Script CTN-Treesize 3.0.1
====================================================================
=                                                                  =
=                         CTN-Treesize 3.0.1                       =
=                    Copyrights by Rainer Gärtner                  =
=                           (c) 2021 DLCIT                         =
=                                                                  =
====================================================================

Auf welchem Profile-Server soll der Vorgang durchgeführt werden?:

1:  \\Na0-FS-01\tsprofiles$
2:  \\ah0-fs-02\tsprofiles$

Bitte den Profile Server auswah (default: \\ah0-fs-02\tsprofiles$):

Server wurde auf \\localhost\c$\Temp gesetzt!

#############################################################################################

\\localhost\c$\Temp\log


0,45  MB im Profil
 in
259
 Dateien!
\\localhost\c$\Temp\Austrittsliste September 2020 - DLC IT.csv


0,04  MB im Profil
 in
1
 Dateien!
\\localhost\c$\Temp\Austrittsliste September 2020 - DLC IT.xlsx


0,09  MB im Profil
 in
1
 Dateien!
\\localhost\c$\Temp\ein.txt


0  MB im Profil
 in
1
 Dateien!

Beende CTN-Treesize Dienstag, 20. April 2021 02:10:37
**********************
Ende der Windows PowerShell-Aufzeichnung
Endzeit: 20210420021037
**********************
